<?xml version="1.0" encoding="UTF-8"?>
<testsuite xmlns:xsi="http://www.w3.org/2001/XMLSchema-instance" xsi:noNamespaceSchemaLocation="https://maven.apache.org/surefire/maven-surefire-plugin/xsd/surefire-test-report.xsd" name="TestSuite" time="11.146" tests="4" errors="0" skipped="0" failures="4">
  <properties>
    <property name="java.specification.version" value="16"/>
    <property name="sun.jnu.encoding" value="UTF-8"/>
    <property name="java.class.path" value="/Users/u44992/Desktop/SDET-Backend/target/test-classes:/Users/u44992/Desktop/SDET-Backend/target/classes:/Users/u44992/.m2/repository/org/testng/testng/7.1.0/testng-7.1.0.jar:/Users/u44992/.m2/repository/com/beust/jcommander/1.72/jcommander-1.72.jar:/Users/u44992/.m2/repository/com/google/inject/guice/4.1.0/guice-4.1.0-no_aop.jar:/Users/u44992/.m2/repository/javax/inject/javax.inject/1/javax.inject-1.jar:/Users/u44992/.m2/repository/aopalliance/aopalliance/1.0/aopalliance-1.0.jar:/Users/u44992/.m2/repository/com/google/guava/guava/19.0/guava-19.0.jar:/Users/u44992/.m2/repository/org/yaml/snakeyaml/1.21/snakeyaml-1.21.jar:/Users/u44992/.m2/repository/com/googlecode/json-simple/json-simple/1.1.1/json-simple-1.1.1.jar:/Users/u44992/.m2/repository/junit/junit/4.10/junit-4.10.jar:/Users/u44992/.m2/repository/org/hamcrest/hamcrest-core/1.1/hamcrest-core-1.1.jar:/Users/u44992/.m2/repository/org/apache/poi/poi-ooxml/4.1.2/poi-ooxml-4.1.2.jar:/Users/u44992/.m2/repository/org/apache/poi/poi/4.1.2/poi-4.1.2.jar:/Users/u44992/.m2/repository/commons-codec/commons-codec/1.13/commons-codec-1.13.jar:/Users/u44992/.m2/repository/org/apache/commons/commons-collections4/4.4/commons-collections4-4.4.jar:/Users/u44992/.m2/repository/org/apache/commons/commons-math3/3.6.1/commons-math3-3.6.1.jar:/Users/u44992/.m2/repository/com/zaxxer/SparseBitSet/1.2/SparseBitSet-1.2.jar:/Users/u44992/.m2/repository/org/apache/poi/poi-ooxml-schemas/4.1.2/poi-ooxml-schemas-4.1.2.jar:/Users/u44992/.m2/repository/org/apache/xmlbeans/xmlbeans/3.1.0/xmlbeans-3.1.0.jar:/Users/u44992/.m2/repository/org/apache/commons/commons-compress/1.19/commons-compress-1.19.jar:/Users/u44992/.m2/repository/com/github/virtuald/curvesapi/1.06/curvesapi-1.06.jar:/Users/u44992/.m2/repository/io/rest-assured/rest-assured/4.3.3/rest-assured-4.3.3.jar:/Users/u44992/.m2/repository/org/codehaus/groovy/groovy/3.0.7/groovy-3.0.7.jar:/Users/u44992/.m2/repository/org/codehaus/groovy/groovy-xml/3.0.7/groovy-xml-3.0.7.jar:/Users/u44992/.m2/repository/org/apache/httpcomponents/httpclient/4.5.3/httpclient-4.5.3.jar:/Users/u44992/.m2/repository/commons-logging/commons-logging/1.2/commons-logging-1.2.jar:/Users/u44992/.m2/repository/org/apache/httpcomponents/httpmime/4.5.3/httpmime-4.5.3.jar:/Users/u44992/.m2/repository/org/hamcrest/hamcrest/2.1/hamcrest-2.1.jar:/Users/u44992/.m2/repository/org/ccil/cowan/tagsoup/tagsoup/1.2.1/tagsoup-1.2.1.jar:/Users/u44992/.m2/repository/io/rest-assured/json-path/4.3.3/json-path-4.3.3.jar:/Users/u44992/.m2/repository/org/codehaus/groovy/groovy-json/3.0.7/groovy-json-3.0.7.jar:/Users/u44992/.m2/repository/io/rest-assured/rest-assured-common/4.3.3/rest-assured-common-4.3.3.jar:/Users/u44992/.m2/repository/io/rest-assured/xml-path/4.3.3/xml-path-4.3.3.jar:/Users/u44992/.m2/repository/org/apache/commons/commons-lang3/3.11/commons-lang3-3.11.jar:/Users/u44992/.m2/repository/jakarta/xml/bind/jakarta.xml.bind-api/2.3.3/jakarta.xml.bind-api-2.3.3.jar:/Users/u44992/.m2/repository/jakarta/activation/jakarta.activation-api/1.2.2/jakarta.activation-api-1.2.2.jar:/Users/u44992/.m2/repository/com/sun/xml/bind/jaxb-impl/2.3.3/jaxb-impl-2.3.3.jar:/Users/u44992/.m2/repository/io/rest-assured/json-schema-validator/4.3.3/json-schema-validator-4.3.3.jar:/Users/u44992/.m2/repository/com/github/java-json-tools/json-schema-validator/2.2.14/json-schema-validator-2.2.14.jar:/Users/u44992/.m2/repository/com/github/java-json-tools/jackson-coreutils-equivalence/1.0/jackson-coreutils-equivalence-1.0.jar:/Users/u44992/.m2/repository/com/github/java-json-tools/jackson-coreutils/2.0/jackson-coreutils-2.0.jar:/Users/u44992/.m2/repository/com/github/java-json-tools/msg-simple/1.2/msg-simple-1.2.jar:/Users/u44992/.m2/repository/com/github/java-json-tools/btf/1.3/btf-1.3.jar:/Users/u44992/.m2/repository/com/github/java-json-tools/json-schema-core/1.2.14/json-schema-core-1.2.14.jar:/Users/u44992/.m2/repository/com/github/java-json-tools/uri-template/0.10/uri-template-0.10.jar:/Users/u44992/.m2/repository/org/mozilla/rhino/1.7.7.2/rhino-1.7.7.2.jar:/Users/u44992/.m2/repository/com/sun/mail/mailapi/1.6.2/mailapi-1.6.2.jar:/Users/u44992/.m2/repository/joda-time/joda-time/2.10.5/joda-time-2.10.5.jar:/Users/u44992/.m2/repository/com/googlecode/libphonenumber/libphonenumber/8.11.1/libphonenumber-8.11.1.jar:/Users/u44992/.m2/repository/com/google/code/findbugs/jsr305/3.0.2/jsr305-3.0.2.jar:/Users/u44992/.m2/repository/net/sf/jopt-simple/jopt-simple/5.0.4/jopt-simple-5.0.4.jar:/Users/u44992/.m2/repository/com/aventstack/extentreports/5.0.6/extentreports-5.0.6.jar:/Users/u44992/.m2/repository/io/reactivex/rxjava3/rxjava/3.0.4/rxjava-3.0.4.jar:/Users/u44992/.m2/repository/org/reactivestreams/reactive-streams/1.0.3/reactive-streams-1.0.3.jar:/Users/u44992/.m2/repository/org/freemarker/freemarker/2.3.30/freemarker-2.3.30.jar:/Users/u44992/.m2/repository/org/json/json/20200518/json-20200518.jar:/Users/u44992/.m2/repository/com/google/code/gson/gson/2.9.1/gson-2.9.1.jar:/Users/u44992/.m2/repository/io/qameta/allure/allure-testng/2.18.1/allure-testng-2.18.1.jar:/Users/u44992/.m2/repository/io/qameta/allure/allure-java-commons/2.18.1/allure-java-commons-2.18.1.jar:/Users/u44992/.m2/repository/org/slf4j/slf4j-api/1.7.30/slf4j-api-1.7.30.jar:/Users/u44992/.m2/repository/io/qameta/allure/allure-model/2.18.1/allure-model-2.18.1.jar:/Users/u44992/.m2/repository/io/qameta/allure/allure-test-filter/2.18.1/allure-test-filter-2.18.1.jar:/Users/u44992/.m2/repository/com/relevantcodes/extentreports/2.41.2/extentreports-2.41.2.jar:/Users/u44992/.m2/repository/org/jsoup/jsoup/1.8.3/jsoup-1.8.3.jar:/Users/u44992/.m2/repository/org/xerial/sqlite-jdbc/3.8.11.1/sqlite-jdbc-3.8.11.1.jar:/Users/u44992/.m2/repository/org/mongodb/mongodb-driver/3.0.4/mongodb-driver-3.0.4.jar:/Users/u44992/.m2/repository/org/mongodb/bson/3.0.4/bson-3.0.4.jar:/Users/u44992/.m2/repository/org/mongodb/mongodb-driver-core/3.0.4/mongodb-driver-core-3.0.4.jar:/Users/u44992/.m2/repository/org/apache/httpcomponents/httpcore/4.4.6/httpcore-4.4.6.jar:/Users/u44992/.m2/repository/org/projectlombok/lombok/1.18.22/lombok-1.18.22.jar:/Users/u44992/.m2/repository/org/jetbrains/annotations/23.0.0/annotations-23.0.0.jar:/Users/u44992/.m2/repository/com/fasterxml/jackson/core/jackson-databind/2.13.3/jackson-databind-2.13.3.jar:/Users/u44992/.m2/repository/com/fasterxml/jackson/core/jackson-annotations/2.13.3/jackson-annotations-2.13.3.jar:/Users/u44992/.m2/repository/com/fasterxml/jackson/core/jackson-core/2.13.3/jackson-core-2.13.3.jar:"/>
    <property name="java.vm.vendor" value="Oracle Corporation"/>
    <property name="sun.arch.data.model" value="64"/>
    <property name="java.vendor.url" value="https://java.oracle.com/"/>
    <property name="os.name" value="Mac OS X"/>
    <property name="java.vm.specification.version" value="16"/>
    <property name="sun.java.launcher" value="SUN_STANDARD"/>
    <property name="user.country" value="US"/>
    <property name="sun.boot.library.path" value="/Users/u44992/Library/Java/JavaVirtualMachines/openjdk-16.0.2/Contents/Home/lib"/>
    <property name="sun.java.command" value="/Users/u44992/Desktop/SDET-Backend/target/surefire/surefirebooter1031713545212971004.jar /Users/u44992/Desktop/SDET-Backend/target/surefire 2022-08-04T09-48-16_264-jvmRun1 surefire7185104360252464748tmp surefire_0649341894984407039tmp"/>
    <property name="jdk.debug" value="release"/>
    <property name="surefire.test.class.path" value="/Users/u44992/Desktop/SDET-Backend/target/test-classes:/Users/u44992/Desktop/SDET-Backend/target/classes:/Users/u44992/.m2/repository/org/testng/testng/7.1.0/testng-7.1.0.jar:/Users/u44992/.m2/repository/com/beust/jcommander/1.72/jcommander-1.72.jar:/Users/u44992/.m2/repository/com/google/inject/guice/4.1.0/guice-4.1.0-no_aop.jar:/Users/u44992/.m2/repository/javax/inject/javax.inject/1/javax.inject-1.jar:/Users/u44992/.m2/repository/aopalliance/aopalliance/1.0/aopalliance-1.0.jar:/Users/u44992/.m2/repository/com/google/guava/guava/19.0/guava-19.0.jar:/Users/u44992/.m2/repository/org/yaml/snakeyaml/1.21/snakeyaml-1.21.jar:/Users/u44992/.m2/repository/com/googlecode/json-simple/json-simple/1.1.1/json-simple-1.1.1.jar:/Users/u44992/.m2/repository/junit/junit/4.10/junit-4.10.jar:/Users/u44992/.m2/repository/org/hamcrest/hamcrest-core/1.1/hamcrest-core-1.1.jar:/Users/u44992/.m2/repository/org/apache/poi/poi-ooxml/4.1.2/poi-ooxml-4.1.2.jar:/Users/u44992/.m2/repository/org/apache/poi/poi/4.1.2/poi-4.1.2.jar:/Users/u44992/.m2/repository/commons-codec/commons-codec/1.13/commons-codec-1.13.jar:/Users/u44992/.m2/repository/org/apache/commons/commons-collections4/4.4/commons-collections4-4.4.jar:/Users/u44992/.m2/repository/org/apache/commons/commons-math3/3.6.1/commons-math3-3.6.1.jar:/Users/u44992/.m2/repository/com/zaxxer/SparseBitSet/1.2/SparseBitSet-1.2.jar:/Users/u44992/.m2/repository/org/apache/poi/poi-ooxml-schemas/4.1.2/poi-ooxml-schemas-4.1.2.jar:/Users/u44992/.m2/repository/org/apache/xmlbeans/xmlbeans/3.1.0/xmlbeans-3.1.0.jar:/Users/u44992/.m2/repository/org/apache/commons/commons-compress/1.19/commons-compress-1.19.jar:/Users/u44992/.m2/repository/com/github/virtuald/curvesapi/1.06/curvesapi-1.06.jar:/Users/u44992/.m2/repository/io/rest-assured/rest-assured/4.3.3/rest-assured-4.3.3.jar:/Users/u44992/.m2/repository/org/codehaus/groovy/groovy/3.0.7/groovy-3.0.7.jar:/Users/u44992/.m2/repository/org/codehaus/groovy/groovy-xml/3.0.7/groovy-xml-3.0.7.jar:/Users/u44992/.m2/repository/org/apache/httpcomponents/httpclient/4.5.3/httpclient-4.5.3.jar:/Users/u44992/.m2/repository/commons-logging/commons-logging/1.2/commons-logging-1.2.jar:/Users/u44992/.m2/repository/org/apache/httpcomponents/httpmime/4.5.3/httpmime-4.5.3.jar:/Users/u44992/.m2/repository/org/hamcrest/hamcrest/2.1/hamcrest-2.1.jar:/Users/u44992/.m2/repository/org/ccil/cowan/tagsoup/tagsoup/1.2.1/tagsoup-1.2.1.jar:/Users/u44992/.m2/repository/io/rest-assured/json-path/4.3.3/json-path-4.3.3.jar:/Users/u44992/.m2/repository/org/codehaus/groovy/groovy-json/3.0.7/groovy-json-3.0.7.jar:/Users/u44992/.m2/repository/io/rest-assured/rest-assured-common/4.3.3/rest-assured-common-4.3.3.jar:/Users/u44992/.m2/repository/io/rest-assured/xml-path/4.3.3/xml-path-4.3.3.jar:/Users/u44992/.m2/repository/org/apache/commons/commons-lang3/3.11/commons-lang3-3.11.jar:/Users/u44992/.m2/repository/jakarta/xml/bind/jakarta.xml.bind-api/2.3.3/jakarta.xml.bind-api-2.3.3.jar:/Users/u44992/.m2/repository/jakarta/activation/jakarta.activation-api/1.2.2/jakarta.activation-api-1.2.2.jar:/Users/u44992/.m2/repository/com/sun/xml/bind/jaxb-impl/2.3.3/jaxb-impl-2.3.3.jar:/Users/u44992/.m2/repository/io/rest-assured/json-schema-validator/4.3.3/json-schema-validator-4.3.3.jar:/Users/u44992/.m2/repository/com/github/java-json-tools/json-schema-validator/2.2.14/json-schema-validator-2.2.14.jar:/Users/u44992/.m2/repository/com/github/java-json-tools/jackson-coreutils-equivalence/1.0/jackson-coreutils-equivalence-1.0.jar:/Users/u44992/.m2/repository/com/github/java-json-tools/jackson-coreutils/2.0/jackson-coreutils-2.0.jar:/Users/u44992/.m2/repository/com/github/java-json-tools/msg-simple/1.2/msg-simple-1.2.jar:/Users/u44992/.m2/repository/com/github/java-json-tools/btf/1.3/btf-1.3.jar:/Users/u44992/.m2/repository/com/github/java-json-tools/json-schema-core/1.2.14/json-schema-core-1.2.14.jar:/Users/u44992/.m2/repository/com/github/java-json-tools/uri-template/0.10/uri-template-0.10.jar:/Users/u44992/.m2/repository/org/mozilla/rhino/1.7.7.2/rhino-1.7.7.2.jar:/Users/u44992/.m2/repository/com/sun/mail/mailapi/1.6.2/mailapi-1.6.2.jar:/Users/u44992/.m2/repository/joda-time/joda-time/2.10.5/joda-time-2.10.5.jar:/Users/u44992/.m2/repository/com/googlecode/libphonenumber/libphonenumber/8.11.1/libphonenumber-8.11.1.jar:/Users/u44992/.m2/repository/com/google/code/findbugs/jsr305/3.0.2/jsr305-3.0.2.jar:/Users/u44992/.m2/repository/net/sf/jopt-simple/jopt-simple/5.0.4/jopt-simple-5.0.4.jar:/Users/u44992/.m2/repository/com/aventstack/extentreports/5.0.6/extentreports-5.0.6.jar:/Users/u44992/.m2/repository/io/reactivex/rxjava3/rxjava/3.0.4/rxjava-3.0.4.jar:/Users/u44992/.m2/repository/org/reactivestreams/reactive-streams/1.0.3/reactive-streams-1.0.3.jar:/Users/u44992/.m2/repository/org/freemarker/freemarker/2.3.30/freemarker-2.3.30.jar:/Users/u44992/.m2/repository/org/json/json/20200518/json-20200518.jar:/Users/u44992/.m2/repository/com/google/code/gson/gson/2.9.1/gson-2.9.1.jar:/Users/u44992/.m2/repository/io/qameta/allure/allure-testng/2.18.1/allure-testng-2.18.1.jar:/Users/u44992/.m2/repository/io/qameta/allure/allure-java-commons/2.18.1/allure-java-commons-2.18.1.jar:/Users/u44992/.m2/repository/org/slf4j/slf4j-api/1.7.30/slf4j-api-1.7.30.jar:/Users/u44992/.m2/repository/io/qameta/allure/allure-model/2.18.1/allure-model-2.18.1.jar:/Users/u44992/.m2/repository/io/qameta/allure/allure-test-filter/2.18.1/allure-test-filter-2.18.1.jar:/Users/u44992/.m2/repository/com/relevantcodes/extentreports/2.41.2/extentreports-2.41.2.jar:/Users/u44992/.m2/repository/org/jsoup/jsoup/1.8.3/jsoup-1.8.3.jar:/Users/u44992/.m2/repository/org/xerial/sqlite-jdbc/3.8.11.1/sqlite-jdbc-3.8.11.1.jar:/Users/u44992/.m2/repository/org/mongodb/mongodb-driver/3.0.4/mongodb-driver-3.0.4.jar:/Users/u44992/.m2/repository/org/mongodb/bson/3.0.4/bson-3.0.4.jar:/Users/u44992/.m2/repository/org/mongodb/mongodb-driver-core/3.0.4/mongodb-driver-core-3.0.4.jar:/Users/u44992/.m2/repository/org/apache/httpcomponents/httpcore/4.4.6/httpcore-4.4.6.jar:/Users/u44992/.m2/repository/org/projectlombok/lombok/1.18.22/lombok-1.18.22.jar:/Users/u44992/.m2/repository/org/jetbrains/annotations/23.0.0/annotations-23.0.0.jar:/Users/u44992/.m2/repository/com/fasterxml/jackson/core/jackson-databind/2.13.3/jackson-databind-2.13.3.jar:/Users/u44992/.m2/repository/com/fasterxml/jackson/core/jackson-annotations/2.13.3/jackson-annotations-2.13.3.jar:/Users/u44992/.m2/repository/com/fasterxml/jackson/core/jackson-core/2.13.3/jackson-core-2.13.3.jar:"/>
    <property name="sun.cpu.endian" value="little"/>
    <property name="user.home" value="/Users/u44992"/>
    <property name="user.language" value="en"/>
    <property name="java.specification.vendor" value="Oracle Corporation"/>
    <property name="java.version.date" value="2021-07-20"/>
    <property name="java.home" value="/Users/u44992/Library/Java/JavaVirtualMachines/openjdk-16.0.2/Contents/Home"/>
    <property name="file.separator" value="/"/>
    <property name="basedir" value="/Users/u44992/Desktop/SDET-Backend"/>
    <property name="java.vm.compressedOopsMode" value="Zero based"/>
    <property name="line.separator" value="&#10;"/>
    <property name="java.vm.specification.vendor" value="Oracle Corporation"/>
    <property name="java.specification.name" value="Java Platform API Specification"/>
    <property name="surefire.real.class.path" value="/Users/u44992/Desktop/SDET-Backend/target/surefire/surefirebooter1031713545212971004.jar"/>
    <property name="sun.management.compiler" value="HotSpot 64-Bit Tiered Compilers"/>
    <property name="java.runtime.version" value="16.0.2+7-67"/>
    <property name="user.name" value="u44992"/>
    <property name="path.separator" value=":"/>
    <property name="os.version" value="11.4"/>
    <property name="java.runtime.name" value="OpenJDK Runtime Environment"/>
    <property name="file.encoding" value="UTF-8"/>
    <property name="java.vm.name" value="OpenJDK 64-Bit Server VM"/>
    <property name="localRepository" value="/Users/u44992/.m2/repository"/>
    <property name="java.vendor.url.bug" value="https://bugreport.java.com/bugreport/"/>
    <property name="java.io.tmpdir" value="/var/folders/bv/96lcnhss4zn_1fc_fykt_29sgd4tdk/T/"/>
    <property name="java.version" value="16.0.2"/>
    <property name="user.dir" value="/Users/u44992/Desktop/SDET-Backend"/>
    <property name="os.arch" value="x86_64"/>
    <property name="java.vm.specification.name" value="Java Virtual Machine Specification"/>
    <property name="java.library.path" value="/Users/u44992/Library/Java/Extensions:/Library/Java/Extensions:/Network/Library/Java/Extensions:/System/Library/Java/Extensions:/usr/lib/java:."/>
    <property name="java.vm.info" value="mixed mode, sharing"/>
    <property name="java.vendor" value="Oracle Corporation"/>
    <property name="java.vm.version" value="16.0.2+7-67"/>
    <property name="sun.io.unicode.encoding" value="UnicodeBig"/>
    <property name="java.class.version" value="60.0"/>
  </properties>
  <testcase name="retrievingAndComparingTheFirstTenMarsPhotos" classname="org.deviget.qa.tests.NasaApiTest" time="5.236">
    <failure message="Unrecognized field &quot;error&quot; (class org.deviget.qa.models.Photos), not marked as ignorable (one known property: &quot;photos&quot;])&#10; at [Source: (String)&quot;{&#10;  &quot;error&quot;: {&#10;    &quot;code&quot;: &quot;OVER_RATE_LIMIT&quot;,&#10;    &quot;message&quot;: &quot;You have exceeded your rate limit. Try again later or contact us at https://api.nasa.gov:443/contact/ for assistance&quot;&#10;  }&#10;}&quot;; line: 2, column: 13] (through reference chain: org.deviget.qa.models.Photos[&quot;error&quot;])" type="com.fasterxml.jackson.databind.exc.UnrecognizedPropertyException">com.fasterxml.jackson.databind.exc.UnrecognizedPropertyException: 
Unrecognized field "error" (class org.deviget.qa.models.Photos), not marked as ignorable (one known property: "photos"])
 at [Source: (String)"{
  "error": {
    "code": "OVER_RATE_LIMIT",
    "message": "You have exceeded your rate limit. Try again later or contact us at https://api.nasa.gov:443/contact/ for assistance"
  }
}"; line: 2, column: 13] (through reference chain: org.deviget.qa.models.Photos["error"])
	at org.deviget.qa.tests.NasaApiTest.retrievingAndComparingTheFirstTenMarsPhotos(NasaApiTest.java:65)
</failure>
    <system-err><![CDATA[SLF4J: Failed to load class "org.slf4j.impl.StaticLoggerBinder".
SLF4J: Defaulting to no-operation (NOP) logger implementation
SLF4J: See http://www.slf4j.org/codes.html#StaticLoggerBinder for further details.
]]></system-err>
  </testcase>
  <testcase name="retrievingFirst10MarsPhotosFrom1000MartianSolCuriosity" classname="org.deviget.qa.tests.NasaApiTest" time="0.752">
    <failure message="Unrecognized field &quot;error&quot; (class org.deviget.qa.models.Photos), not marked as ignorable (one known property: &quot;photos&quot;])&#10; at [Source: (String)&quot;{&#10;  &quot;error&quot;: {&#10;    &quot;code&quot;: &quot;OVER_RATE_LIMIT&quot;,&#10;    &quot;message&quot;: &quot;You have exceeded your rate limit. Try again later or contact us at https://api.nasa.gov:443/contact/ for assistance&quot;&#10;  }&#10;}&quot;; line: 2, column: 13] (through reference chain: org.deviget.qa.models.Photos[&quot;error&quot;])" type="com.fasterxml.jackson.databind.exc.UnrecognizedPropertyException">com.fasterxml.jackson.databind.exc.UnrecognizedPropertyException: 
Unrecognized field "error" (class org.deviget.qa.models.Photos), not marked as ignorable (one known property: "photos"])
 at [Source: (String)"{
  "error": {
    "code": "OVER_RATE_LIMIT",
    "message": "You have exceeded your rate limit. Try again later or contact us at https://api.nasa.gov:443/contact/ for assistance"
  }
}"; line: 2, column: 13] (through reference chain: org.deviget.qa.models.Photos["error"])
	at org.deviget.qa.tests.NasaApiTest.retrievingFirst10MarsPhotosFrom1000MartianSolCuriosity(NasaApiTest.java:31)
</failure>
  </testcase>
  <testcase name="retrievingFirstTenMarsPhotosOnEarthDate" classname="org.deviget.qa.tests.NasaApiTest" time="0.789">
    <failure message="Unrecognized field &quot;error&quot; (class org.deviget.qa.models.Photos), not marked as ignorable (one known property: &quot;photos&quot;])&#10; at [Source: (String)&quot;{&#10;  &quot;error&quot;: {&#10;    &quot;code&quot;: &quot;OVER_RATE_LIMIT&quot;,&#10;    &quot;message&quot;: &quot;You have exceeded your rate limit. Try again later or contact us at https://api.nasa.gov:443/contact/ for assistance&quot;&#10;  }&#10;}&quot;; line: 2, column: 13] (through reference chain: org.deviget.qa.models.Photos[&quot;error&quot;])" type="com.fasterxml.jackson.databind.exc.UnrecognizedPropertyException">com.fasterxml.jackson.databind.exc.UnrecognizedPropertyException: 
Unrecognized field "error" (class org.deviget.qa.models.Photos), not marked as ignorable (one known property: "photos"])
 at [Source: (String)"{
  "error": {
    "code": "OVER_RATE_LIMIT",
    "message": "You have exceeded your rate limit. Try again later or contact us at https://api.nasa.gov:443/contact/ for assistance"
  }
}"; line: 2, column: 13] (through reference chain: org.deviget.qa.models.Photos["error"])
	at org.deviget.qa.tests.NasaApiTest.retrievingFirstTenMarsPhotosOnEarthDate(NasaApiTest.java:45)
</failure>
  </testcase>
  <testcase name="validatingTheAmountOfPicturesByCamera" classname="org.deviget.qa.tests.NasaApiTest" time="0.73">
    <failure message="Unrecognized field &quot;error&quot; (class org.deviget.qa.models.Photos), not marked as ignorable (one known property: &quot;photos&quot;])&#10; at [Source: (String)&quot;{&#10;  &quot;error&quot;: {&#10;    &quot;code&quot;: &quot;OVER_RATE_LIMIT&quot;,&#10;    &quot;message&quot;: &quot;You have exceeded your rate limit. Try again later or contact us at https://api.nasa.gov:443/contact/ for assistance&quot;&#10;  }&#10;}&quot;; line: 2, column: 13] (through reference chain: org.deviget.qa.models.Photos[&quot;error&quot;])" type="com.fasterxml.jackson.databind.exc.UnrecognizedPropertyException">com.fasterxml.jackson.databind.exc.UnrecognizedPropertyException: 
Unrecognized field "error" (class org.deviget.qa.models.Photos), not marked as ignorable (one known property: "photos"])
 at [Source: (String)"{
  "error": {
    "code": "OVER_RATE_LIMIT",
    "message": "You have exceeded your rate limit. Try again later or contact us at https://api.nasa.gov:443/contact/ for assistance"
  }
}"; line: 2, column: 13] (through reference chain: org.deviget.qa.models.Photos["error"])
	at org.deviget.qa.tests.NasaApiTest.validatingTheAmountOfPicturesByCamera(NasaApiTest.java:93)
</failure>
  </testcase>
</testsuite>